d:\zekan\posao\code_comparison_igor_dev\dev_cleaned_final\inchi_exe\bin2\windows\intermediate\x64\release\vc143.pdb
d:\zekan\posao\code_comparison_igor_dev\dev_cleaned_final\inchi_exe\bin2\windows\intermediate\x64\release\ichirvr2.obj
d:\zekan\posao\code_comparison_igor_dev\dev_cleaned_final\inchi_exe\bin2\windows\intermediate\x64\release\ichirvr1.obj
d:\zekan\posao\code_comparison_igor_dev\dev_cleaned_final\inchi_exe\bin2\windows\intermediate\x64\release\ichiring.obj
d:\zekan\posao\code_comparison_igor_dev\dev_cleaned_final\inchi_exe\bin2\windows\intermediate\x64\release\ichiread.obj
d:\zekan\posao\code_comparison_igor_dev\dev_cleaned_final\inchi_exe\bin2\windows\intermediate\x64\release\ichiqueu.obj
d:\zekan\posao\code_comparison_igor_dev\dev_cleaned_final\inchi_exe\bin2\windows\intermediate\x64\release\ichiprt3.obj
d:\zekan\posao\code_comparison_igor_dev\dev_cleaned_final\inchi_exe\bin2\windows\intermediate\x64\release\ichiprt2.obj
d:\zekan\posao\code_comparison_igor_dev\dev_cleaned_final\inchi_exe\bin2\windows\intermediate\x64\release\ichiprt1.obj
d:\zekan\posao\code_comparison_igor_dev\dev_cleaned_final\inchi_exe\bin2\windows\intermediate\x64\release\ichiparm.obj
d:\zekan\posao\code_comparison_igor_dev\dev_cleaned_final\inchi_exe\bin2\windows\intermediate\x64\release\ichinorm.obj
d:\zekan\posao\code_comparison_igor_dev\dev_cleaned_final\inchi_exe\bin2\windows\intermediate\x64\release\ichimap4.obj
d:\zekan\posao\code_comparison_igor_dev\dev_cleaned_final\inchi_exe\bin2\windows\intermediate\x64\release\ichimap2.obj
d:\zekan\posao\code_comparison_igor_dev\dev_cleaned_final\inchi_exe\bin2\windows\intermediate\x64\release\ichimap1.obj
d:\zekan\posao\code_comparison_igor_dev\dev_cleaned_final\inchi_exe\bin2\windows\intermediate\x64\release\ichimake.obj
d:\zekan\posao\code_comparison_igor_dev\dev_cleaned_final\inchi_exe\bin2\windows\intermediate\x64\release\ichimak2.obj
d:\zekan\posao\code_comparison_igor_dev\dev_cleaned_final\inchi_exe\bin2\windows\intermediate\x64\release\ichiisot.obj
d:\zekan\posao\code_comparison_igor_dev\dev_cleaned_final\inchi_exe\bin2\windows\intermediate\x64\release\ichierr.obj
d:\zekan\posao\code_comparison_igor_dev\dev_cleaned_final\inchi_exe\bin2\windows\intermediate\x64\release\ichicans.obj
d:\zekan\posao\code_comparison_igor_dev\dev_cleaned_final\inchi_exe\bin2\windows\intermediate\x64\release\ichicano.obj
d:\zekan\posao\code_comparison_igor_dev\dev_cleaned_final\inchi_exe\bin2\windows\intermediate\x64\release\ichican2.obj
d:\zekan\posao\code_comparison_igor_dev\dev_cleaned_final\inchi_exe\bin2\windows\intermediate\x64\release\runichi.obj
d:\zekan\posao\code_comparison_igor_dev\dev_cleaned_final\inchi_exe\bin2\windows\intermediate\x64\release\readinch.obj
d:\zekan\posao\code_comparison_igor_dev\dev_cleaned_final\inchi_exe\bin2\windows\intermediate\x64\release\mol_fmt4.obj
d:\zekan\posao\code_comparison_igor_dev\dev_cleaned_final\inchi_exe\bin2\windows\intermediate\x64\release\mol_fmt3.obj
d:\zekan\posao\code_comparison_igor_dev\dev_cleaned_final\inchi_exe\bin2\windows\intermediate\x64\release\mol_fmt2.obj
d:\zekan\posao\code_comparison_igor_dev\dev_cleaned_final\inchi_exe\bin2\windows\intermediate\x64\release\mol_fmt1.obj
d:\zekan\posao\code_comparison_igor_dev\dev_cleaned_final\inchi_exe\bin2\windows\intermediate\x64\release\mol2atom.obj
d:\zekan\posao\code_comparison_igor_dev\dev_cleaned_final\inchi_exe\bin2\windows\intermediate\x64\release\inchi_gui.obj
d:\zekan\posao\code_comparison_igor_dev\dev_cleaned_final\inchi_exe\bin2\windows\intermediate\x64\release\ikey_dll.obj
d:\zekan\posao\code_comparison_igor_dev\dev_cleaned_final\inchi_exe\bin2\windows\intermediate\x64\release\ikey_base26.obj
d:\zekan\posao\code_comparison_igor_dev\dev_cleaned_final\inchi_exe\bin2\windows\intermediate\x64\release\ichi_io.obj
d:\zekan\posao\code_comparison_igor_dev\dev_cleaned_final\inchi_exe\bin2\windows\intermediate\x64\release\ichi_bns.obj
d:\zekan\posao\code_comparison_igor_dev\dev_cleaned_final\inchi_exe\bin2\windows\intermediate\x64\release\ichitaut.obj
d:\zekan\posao\code_comparison_igor_dev\dev_cleaned_final\inchi_exe\bin2\windows\intermediate\x64\release\ichister.obj
d:\zekan\posao\code_comparison_igor_dev\dev_cleaned_final\inchi_exe\bin2\windows\intermediate\x64\release\ichisort.obj
d:\zekan\posao\code_comparison_igor_dev\dev_cleaned_final\inchi_exe\bin2\windows\intermediate\x64\release\ichirvr7.obj
d:\zekan\posao\code_comparison_igor_dev\dev_cleaned_final\inchi_exe\bin2\windows\intermediate\x64\release\ichirvr6.obj
d:\zekan\posao\code_comparison_igor_dev\dev_cleaned_final\inchi_exe\bin2\windows\intermediate\x64\release\ichirvr5.obj
d:\zekan\posao\code_comparison_igor_dev\dev_cleaned_final\inchi_exe\bin2\windows\intermediate\x64\release\ichirvr4.obj
d:\zekan\posao\code_comparison_igor_dev\dev_cleaned_final\inchi_exe\bin2\windows\intermediate\x64\release\ichirvr3.obj
d:\zekan\posao\code_comparison_igor_dev\dev_cleaned_final\inchi_exe\bin2\windows\intermediate\x64\release\ichimain.obj
d:\zekan\posao\code_comparison_igor_dev\dev_cleaned_final\inchi_exe\bin2\windows\intermediate\x64\release\dispstru.obj
d:\zekan\posao\code_comparison_igor_dev\dev_cleaned_final\inchi_exe\bin2\windows\intermediate\x64\release\bcf_s.obj
d:\zekan\posao\code_comparison_igor_dev\dev_cleaned_final\inchi_exe\bin2\windows\intermediate\x64\release\util.obj
d:\zekan\posao\code_comparison_igor_dev\dev_cleaned_final\inchi_exe\bin2\windows\intermediate\x64\release\strutil.obj
d:\zekan\posao\code_comparison_igor_dev\dev_cleaned_final\inchi_exe\bin2\windows\intermediate\x64\release\sha2.obj
d:\zekan\posao\code_comparison_igor_dev\dev_cleaned_final\inchi_exe\bin2\windows\intermediate\x64\release\runichi4.obj
d:\zekan\posao\code_comparison_igor_dev\dev_cleaned_final\inchi_exe\bin2\windows\intermediate\x64\release\runichi3.obj
d:\zekan\posao\code_comparison_igor_dev\dev_cleaned_final\inchi_exe\bin2\windows\intermediate\x64\release\runichi2.obj
d:\zekan\posao\code_comparison_igor_dev\dev_cleaned_final\inchi_exe\bin2\windows\x64\release\inchi-1.exe
d:\zekan\posao\code_comparison_igor_dev\dev_cleaned_final\inchi_exe\bin2\windows\intermediate\x64\release\inchi-1.ipdb
d:\zekan\posao\code_comparison_igor_dev\dev_cleaned_final\inchi_exe\bin2\windows\x64\release\inchi-1.pdb
d:\zekan\posao\code_comparison_igor_dev\dev_cleaned_final\inchi_exe\bin2\windows\intermediate\x64\release\inchi-1.iobj
d:\zekan\posao\code_comparison_igor_dev\dev_cleaned_final\inchi_exe\bin2\windows\intermediate\x64\release\inchi-1.tlog\cl.command.1.tlog
d:\zekan\posao\code_comparison_igor_dev\dev_cleaned_final\inchi_exe\bin2\windows\intermediate\x64\release\inchi-1.tlog\cl.items.tlog
d:\zekan\posao\code_comparison_igor_dev\dev_cleaned_final\inchi_exe\bin2\windows\intermediate\x64\release\inchi-1.tlog\cl.read.1.tlog
d:\zekan\posao\code_comparison_igor_dev\dev_cleaned_final\inchi_exe\bin2\windows\intermediate\x64\release\inchi-1.tlog\cl.write.1.tlog
d:\zekan\posao\code_comparison_igor_dev\dev_cleaned_final\inchi_exe\bin2\windows\intermediate\x64\release\inchi-1.tlog\link.command.1.tlog
d:\zekan\posao\code_comparison_igor_dev\dev_cleaned_final\inchi_exe\bin2\windows\intermediate\x64\release\inchi-1.tlog\link.read.1.tlog
d:\zekan\posao\code_comparison_igor_dev\dev_cleaned_final\inchi_exe\bin2\windows\intermediate\x64\release\inchi-1.tlog\link.write.1.tlog
