  Microsoft (R) C/C++ Optimizing Compiler Version 19.34.31937 for x64
  Copyright (C) Microsoft Corporation.  All rights reserved.
  cl /c /I../../common /I../../main /I../../cmlpp /I../../ICHI_LIB /Zi /W3 /WX- /diagnostics:column /Od /D WIN32 /D WIN64 /D DEBUG /D _CONSOLE /D ADD_CMLPP=0 /D ADD_AMI_MODE=1 /D TARGET_EXE_STANDALONE=1 /Gm /EHsc /RTC1 /MTd /GS /fp:precise /Zc:wchar_t /Zc:forScope /Zc:inline /Fo"../../bin2/Windows/intermediate/x64/Debug\\" /Fd"../../bin2/Windows/intermediate/x64/Debug\vc143.pdb" /external:W3 /Gd /TC /FC /errorReport:prompt ..\..\..\INCHI_BASE\src\ichican2.c ..\..\..\INCHI_BASE\src\ichicano.c ..\..\..\INCHI_BASE\src\ichicans.c ..\..\..\INCHI_BASE\src\ichierr.c ..\..\..\INCHI_BASE\src\ichiisot.c ..\..\..\INCHI_BASE\src\ichimak2.c ..\..\..\INCHI_BASE\src\ichimake.c ..\..\..\INCHI_BASE\src\ichimap1.c ..\..\..\INCHI_BASE\src\ichimap2.c ..\..\..\INCHI_BASE\src\ichimap4.c ..\..\..\INCHI_BASE\src\ichinorm.c ..\..\..\INCHI_BASE\src\ichiparm.c ..\..\..\INCHI_BASE\src\ichiprt1.c ..\..\..\INCHI_BASE\src\ichiprt2.c ..\..\..\INCHI_BASE\src\ichiprt3.c ..\..\..\INCHI_BASE\src\ichiqueu.c ..\..\..\INCHI_BASE\src\ichiread.c ..\..\..\INCHI_BASE\src\ichiring.c ..\..\..\INCHI_BASE\src\ichirvr1.c ..\..\..\INCHI_BASE\src\ichirvr2.c ..\..\..\INCHI_BASE\src\ichirvr3.c ..\..\..\INCHI_BASE\src\ichirvr4.c ..\..\..\INCHI_BASE\src\ichirvr5.c ..\..\..\INCHI_BASE\src\ichirvr6.c ..\..\..\INCHI_BASE\src\ichirvr7.c ..\..\..\INCHI_BASE\src\ichisort.c ..\..\..\INCHI_BASE\src\ichister.c ..\..\..\INCHI_BASE\src\ichitaut.c ..\..\..\INCHI_BASE\src\ichi_bns.c ..\..\..\INCHI_BASE\src\ichi_io.c ..\..\..\INCHI_BASE\src\ikey_base26.c ..\..\..\INCHI_BASE\src\ikey_dll.c ..\..\..\INCHI_BASE\src\inchi_gui.c ..\..\..\INCHI_BASE\src\mol2atom.c ..\..\..\INCHI_BASE\src\mol_fmt1.c ..\..\..\INCHI_BASE\src\mol_fmt2.c ..\..\..\INCHI_BASE\src\mol_fmt3.c ..\..\..\INCHI_BASE\src\mol_fmt4.c ..\..\..\INCHI_BASE\src\readinch.c ..\..\..\INCHI_BASE\src\runichi.c ..\..\..\INCHI_BASE\src\runichi2.c ..\..\..\INCHI_BASE\src\runichi3.c ..\..\..\INCHI_BASE\src\runichi4.c ..\..\..\INCHI_BASE\src\sha2.c ..\..\..\INCHI_BASE\src\strutil.c ..\..\..\INCHI_BASE\src\util.c ..\src\dispstru.c ..\src\ichimain.c
cl : command line  warning D9035: option 'Gm' has been deprecated and will be removed in a future release
  ichimain.c
  dispstru.c
  util.c
  strutil.c
  sha2.c
  runichi4.c
  runichi3.c
  runichi2.c
  runichi.c
  readinch.c
  mol_fmt4.c
  mol_fmt3.c
  mol_fmt2.c
  mol_fmt1.c
  mol2atom.c
  inchi_gui.c
  ikey_dll.c
  ikey_base26.c
  ichi_io.c
  ichi_bns.c
  Generating Code...
  Compiling...
  ichitaut.c
  ichister.c
  ichisort.c
  ichirvr7.c
  ichirvr6.c
  ichirvr5.c
  ichirvr4.c
  ichirvr3.c
  ichirvr2.c
  ichirvr1.c
  ichiring.c
  ichiread.c
  ichiqueu.c
  ichiprt3.c
  ichiprt2.c
  ichiprt1.c
  ichiparm.c
  ichinorm.c
  ichimap4.c
  ichimap2.c
  Generating Code...
  Compiling...
  ichimap1.c
  ichimake.c
  ichimak2.c
  ichiisot.c
  ichierr.c
  ichicans.c
  ichicano.c
  ichican2.c
  Generating Code...
  inchi-1.vcxproj -> C:\Users\Administrator\Downloads\Posao\code_comparison_igor_dev\InChI_Dev-master\INCHI-1-SRC\INCHI_EXE\bin2\Windows\x64\Debug\inchi-1.exe
