########### This document holds information about the InChI Development version 1.061 source code ###########
__________________________________________________________________________________________________
Q 1: How to convert an InChI string back to a structure(SDF)? (Windows 11, Windows PowerShell)
Ans : The command line argument needed to convert a InChI string to a SDF is shown below consisting of 2 steps.
          It is important to understand that you are in the directory of the InChI executable. We are taking Aspirin as our example.

          "Your:\Specific\Directory>   .\inchi-1.exe   /InChI2Struct   .\AspirinString.txt"

          Here, "InChI2Struct" is the parameter that is converting the specified input file.
          The input file "AspirinString.txt" only contains the InChI string of Aspirin in the format "InChI = 1S/Formula/ConnectionLayer/HydrogenLayer".

          The above command will create a output file "AspirinString.txt.txt" which will have input path, structure number, InChI string and minimal Aux info. details.

          The second step is to use the above newly generated file "AspirinString.txt.txt" and with the help of parameter "OutputSDF" generate an SDF file as shown below.

           "Your:\Specific\Directory>   .\inchi-1.exe   /OutputSDF   .\AspirinString.txt.txt"

            The above command will generate a new "AspirinString.txt.txt.txt" file that will contain the mol or SDF contents of the InChI String.

____________________________________________________________________________________________________

Q 2: Which functions are activated when a particular parameter is passed (full details)?

Note : "//" stands for the continuation of the above mentioned file and "---" means that functions were directly tested from the source file and no header file was involved.

Ans : _________Parameter_Passed__________________Function_Running___________________________________________Source_File__________________________Header_File____________

                        OutputSDF                                           InchiToInpAtom()                                                                         readinch.c                                             ichimain.h
                                                                                     ReadTheStructure()                                                                       runichi2.c                                                     //
                                                                                     TreatErrorsInReadTheStructure()                                                 runichi2.c                                                     //
                                                                                     GetOneComponent()                                                                    runichi2.c                                                     //
                                                                                     TreatCreateINChIWarning()                                                         runichi4.c                                                     //
                                                                                     GetProcessingWarningsOneComponentInChI()                         runichi4.c                                                     //
                                                                                     GetTheNextRecordofInputFile()                                                   ichimain.c                                                    //
                                                                                     CalcAndPrintINCHIAndINCHIKEY()                                              ichimain.c                                                   //
                                                                                     ProcessOneStructureEx()                                                              runichi.c                                                      //
                                                                                     PreprocessPolymerCRUData()                                                      runichi.c                                                      //
                                                                                     ValidateAndPreparePolymerAndPseudoatoms()                        runichi.c                                                      //
                                                                                     CreateOneStructureINChI()                                                           runichi.c                                                     //
                                                                                     PreprocessOneStructure()                                                             runichi3.c                                                   //
                                                                                     OrigAtData_Duplicate()                                                                 runichi3.c                                                   //
                                                                                     OrigStruct_Free()                                                                            ichiprt1.c                                                   //
                                                                                     SplitTime()                                                                                      runichi4.c                                                  //
                                                                                     set_line_separators()                                                                      ichiprt1.c                                                   //
                                                                                     save_command_line()                                                                    ichimain.c                                                  //
                                                                                     CreateInpAtom()                                                                          mol2atom.c                                                 ---
                                                                                     FreeInpAtom()                                                                                      //                                                          ---
                                                                                     FreeInpAtomData()                                                                              //                                                          ---
                                                                                     CreateInpAtomData()                                                                           //                                                         ---
                                                                                     FreeCompAtomData()                                                                          //                                                         ---
                                                                                     FreeOrigAtData()                                                                                  //                                                          ---
                                                                                     FreeExtOrigAtData()                                                                             //                                                          ---
                                                                                     inp2spATOM()                                                                               ichimake.c                                                   ---
                                                                                     GetInpStructErrorType()                                                                     //                                                             ---
                                                                                     Create_INChI()                                                                                     //                                                            ---
                                                                                     CheckCanonNumberingCorrectness()                                               //                                                             ---
                                                                                     GetHillFormulaIndexLength()                                                        ichimak2.c                                                   ---
                                                                                     GetHillFormulaCounts()                                                                     //                                                             ---
                                                                                     AddElementAndCount()                                                                    //                                                              ---
                                                                                     MakeHillFormula()                                                                             //                                                              ---
                                                                                     AllocateAndFillHillFormula()                                                             //                                                              ---
                                                                                     MarkAmbiguousStereo()                                                                   //                                                              ---
                                                                                     UnmarkAllUndefinedUnknownStereo()                                            //                                                              ---
                                                                                     FillOutINChI()                                                                                     //                                                               ---
                                                                                     CreateInchi_Stereo0D()                                                                 readinch.c                                                     ---
                                                                                     FindToken()                                                                                        //                                                              ---
                                                                                     LoadLine()                                                                                          //                                                               ---
                                                                                     find_and_interpret_structure_header()                                            //                                                                ---
                                                                                     DoOneStructureEarlyPreprocessing()                                           runichi.c                                                        ---
                                                                                     OrigAtData_StoreNativeInput()                                                        //                                                               ---
                                                                                     PrepareSaveOptBits()                                                                        //                                                               ---
                                                                                     DisplayOrigAndResultStructuresAndComponents()                       //                                                               ---
                                                                                     SaveOkProcessedMolfile()                                                                //                                                               ---
                                                                                     CreateOneComponentINChI()                                                          //                                                                ---
                                                                                     ProcessOneStructureEx()                                                                   //                                                                ---
                                                                                     ProcessOneStructureExCore()                                                           //                                                                ---
                                                                                     GetOneStructure()                                                                          runichi2.c                                                      ---
                                                                                     InchiToOrigAtom()                                                                             //                                                                ---
                                                                                     OrigAtData_bCheckUnusualValences()                                         runichi3.c                                                      ---
                                                                                     OAD_ValidatePolymerAndPseudoElementData()                           //                                                                 ---
                                                                                     SortAndPrintINChI()                                                                       runichi4.c                                                       ---
                                                                                     SaveEquComponentsInfoAndSortOrder()                                        //                                                                 ---
                                                                                     FreeAllINChIArrays()                                                                          //                                                                 ---
                                                                                     AddAtom2num()                                                                             ichitaut.c                                                       ---
                                                                                     AddAtom2DA()                                                                                  //                                                                ---
                                                                                     nGetEndpointInfo()                                                                            //                                                                ---
                                                                                     RegisterEndPoints()                                                                           //                                                                ---
                                                                                     SetTautomericBonds()                                                                       //                                                                ---
                                                                                     GetNeutralRepsIfNeeded()                                                                //                                                                ---
                                                                                     FindAccessibleEndPoints()                                                                //                                                                ---
                                                                                     GetChargeType()                                                                               //                                                                 ---
                                                                                     MarkChargeGroups()                                                                        //                                                                ---
                                                                                     GetSaltChargeType()                                                                         //                                                                ---
                                                                                     MarkSaltChargeGroups()                                                                  //                                                                ---
                                                                                     MergeSaltTautGroups()                                                                    //                                                                ---
                                                                                     MarkTautomerGroups()                                                                    //                                                                ---
                                                                                     CountTautomerGroups()                                                                   //                                                                ---
                                                                                     SortTautomerGroupsAndEndpoints()                                              //                                                                ---
                                                                                     GetMinRingSize()                                                                           ichiring.c                                                       ---
                                                                                     is_bond_in_Nmax_memb_ring()                                                       //                                                               ---
                                                                                     MarkRingSystemsInp()                                                                  ichinorm.c                                                     ---
                                                                                     GetCanonLengths()                                                                       ichicano.c                                                      ---
                                                                                     AllocateCS()                                                                                       //                                                                ---
                                                                                     FillTautLinearCT2()                                                                            //                                                                ---
                                                                                     UpdateFullLinearCT()                                                                        //                                                                ---
                                                                                     Canon_INChI()                                                                                   //                                                                ---
                                                                                     CtPartCompare()                                                                           ichican2.c                                                      ---
                                                                                     CtFullCompare()                                                                                //                                                               ---
                                                                                     CanonGraph()                                                                                    //                                                               ---
                                                                                     FillOutAtomInvariant2()                                                                    //                                                               ---
                                                                                     GetBaseCanonRanking()                                                                   //                                                               ---
                                                                                     SetAtomBondType()                                                                     ichi_bns.c                                                       ---
                                                                                     RunBalancedNetworkSearch()                                                          //                                                               ---
                                                                                     SetBondsFromBnStructFlow()                                                           //                                                               ---
                                                                                     RestoreBnStructFlow()                                                                       //                                                               ---
                                                                                     BnsTestAndMarkAltBonds()                                                              //                                                               ---
                                                                                     fix_special_bonds()                                                                             //                                                               ---
                                                                                     fix_explicitly_indicated_bonds()                                                         //                                                              ---
                                                                                     GetAtomChargeType()                                                                      //                                                               ---
                                                                                     mark_alt_bonds_and_taut_groups()                                                 //                                                               ---
                                                                                     bSetBnsToCheckAltPath()                                                                 //                                                               ---
                                                                                     bRestoreBnsAfterCheckAltPath()                                                      //                                                               ---
                                                                                     AllocateAndInitBnStruct()                                                                 //                                                                ---
                                                                                     AddTGroups2BnStruct()                                                                    //                                                                ---
                                                                                     AddCGroups2BnStruct()                                                                    //                                                                ---
                                                                                     BalancedNetworkSearch()                                                                 //                                                                ---
                                                                                     PullFlow()                                                                                           //                                                                 ---
                                                                                     MarkRingSystemsAltBns()                                                                 //                                                                ---
                                                                                     SortedEquInfoToRanks()                                                               ichimap2.c                                                      ---
                                                                                     SetNewRanksFromNeighLists3()                                                       //                                                               ---
                                                                                     SetNewRanksFromNeighLists4()                                                       //                                                               ---
                                                                                     SetNewRanksFromNeighLists()                                                         //                                                               ---



                        InChI2Struct                                         GetOneComponent()                                                                   runichi2.c                                                 ichimain.h       
                                                                                      TreatCreateINChIWarning()                                                        runichi4.c                                                      //
                                                                                      GetProcessingWarningsOneComponentInChI()                        runichi4.c                                                      //
                                                                                      PreprocessOneStructure()                                                           runichi3.c                                                      //
                                                                                      CompareHillFormulasNoH()                                                       ichimake.c                                                     //
                                                                                      SplitTime()                                                                                    runichi4.c                                                      //
                                                                                      set_line_separators()                                                                    ichiprt1.c                                                      //
                                                                                      save_command_line()                                                                  ichimain.c                                                     //
                                                                                      CreateInpAtom()                                                                          mol2atom.c                                                 ---
                                                                                      FreeInpAtom()                                                                                      //                                                          ---
                                                                                      FreeInpAtomData()                                                                              //                                                          ---
                                                                                      CreateInpAtomData()                                                                           //                                                         ---
                                                                                      FreeCompAtomData()                                                                          //                                                         ---
                                                                                      FreeOrigAtData()                                                                                  //                                                          ---
                                                                                      FreeExtOrigAtData()                                                                             //                                                          ---
                                                                                      inp2spATOM()                                                                               ichimake.c                                                   ---
                                                                                      GetElementAndCount()                                                                       //                                                           ---
                                                                                      CompINChITautVsNonTaut()                                                              //                                                           ---
                                                                                      GetSp3RelRacAbs()                                                                              //                                                           ---
                                                                                      CompINChILayers()                                                                             //                                                            ---
                                                                                      INChI_SegmentAction()                                                                      //                                                            ---
                                                                                      MarkUnusedAndEmptyLayers()                                                         //                                                            ---
                                                                                      CompareDfsDescendants4CT()                                                          //                                                            ---
                                                                                      GetDfsOrder4CT()                                                                               //                                                            ---
                                                                                      CompareReversedStereoINChI2()                                                      //                                                            ---
                                                                                      CompareReversedINChI2()                                                                 //                                                            ---
                                                                                      Create_INChI()                                                                                     //                                                            ---
                                                                                      CheckCanonNumberingCorrectness()                                               //                                                             ---
                                                                                      MakeHillFormulaString()                                                               ichimak2.c                                                   ---
                                                                                      GetHillFormulaIndexLength()                                                            //                                                             ---
                                                                                      GetHillFormulaCounts()                                                                     //                                                             ---
                                                                                      AddElementAndCount()                                                                    //                                                              ---
                                                                                      MakeHillFormula()                                                                             //                                                              ---
                                                                                      AllocateAndFillHillFormula()                                                             //                                                              ---
                                                                                      MarkAmbiguousStereo()                                                                   //                                                              ---
                                                                                      UnmarkAllUndefinedUnknownStereo()                                            //                                                              ---
                                                                                      FillOutINChI()                                                                                     //                                                               ---
                                                                                      ProcessOneStructure()                                                                  runichi.c                                                        ---
                                                                                      DoOneStructureEarlyPreprocessing()                                               //                                                              ---
                                                                                      OrigAtData_StoreNativeInput()                                                        //                                                               ---
                                                                                      PrepareSaveOptBits()                                                                        //                                                               ---
                                                                                      DisplayOrigAndResultStructuresAndComponents()                       //                                                               ---
                                                                                      SaveOkProcessedMolfile()                                                                //                                                               ---
                                                                                      CreateOneStructureINChI()                                                               //                                                               ---
                                                                                      CreateOneComponentINChI()                                                          //                                                                ---
                                                                                      OrigAtData_bCheckUnusualValences()                                         runichi3.c                                                      ---
                                                                                      OrigAtData_Duplicate()                                                                     //                                                                ---
                                                                                      SortAndPrintINChI()                                                                       runichi4.c                                                       ---
                                                                                      SaveEquComponentsInfoAndSortOrder()                                        //                                                                 ---
                                                                                      FreeAllINChIArrays()                                                                          //                                                                 ---
                                                                                      AddAtom2num()                                                                             ichitaut.c                                                       ---
                                                                                      AddAtom2DA()                                                                                  //                                                                ---
                                                                                      nGetEndpointInfo()                                                                            //                                                                ---
                                                                                      RegisterEndPoints()                                                                           //                                                                ---
                                                                                      SetTautomericBonds()                                                                       //                                                                ---
                                                                                      GetNeutralRepsIfNeeded()                                                                //                                                                ---
                                                                                      FindAccessibleEndPoints()                                                                //                                                                ---
                                                                                      GetChargeType()                                                                               //                                                                 ---
                                                                                      MarkChargeGroups()                                                                        //                                                                ---
                                                                                      GetSaltChargeType()                                                                         //                                                                ---
                                                                                      MarkSaltChargeGroups()                                                                  //                                                                ---
                                                                                      MergeSaltTautGroups()                                                                    //                                                                ---
                                                                                      MarkTautomerGroups()                                                                    //                                                                ---
                                                                                      CountTautomerGroups()                                                                   //                                                                ---
                                                                                      SortTautomerGroupsAndEndpoints()                                              //                                                                ---
                                                                                      GetMinRingSize()                                                                           ichiring.c                                                       ---
                                                                                      is_bond_in_Nmax_memb_ring()                                                       //                                                               ---
                                                                                      MarkRingSystemsInp()                                                                  ichinorm.c                                                     ---
                                                                                      GetCanonLengths()                                                                       ichicano.c                                                      ---
                                                                                      AllocateCS()                                                                                       //                                                                ---
                                                                                      FillTautLinearCT2()                                                                            //                                                               ---
                                                                                      UpdateFullLinearCT()                                                                        //                                                               ---
                                                                                      Canon_INChI()                                                                                   //                                                               ---
                                                                                      CtPartCompare()                                                                           ichican2.c                                                      ---
                                                                                      CtFullCompare()                                                                                //                                                               ---
                                                                                      CanonGraph()                                                                                    //                                                               ---
                                                                                      FillOutAtomInvariant2()                                                                    //                                                               ---
                                                                                      GetBaseCanonRanking()                                                                   //                                                               ---
                                                                                      SetAtomBondType()                                                                     ichi_bns.c                                                       ---
                                                                                      RunBalancedNetworkSearch()                                                          //                                                               ---
                                                                                      SetBondsFromBnStructFlow()                                                           //                                                               ---
                                                                                      RestoreBnStructFlow()                                                                       //                                                               ---
                                                                                      BnsTestAndMarkAltBonds()                                                              //                                                               ---
                                                                                      fix_special_bonds()                                                                             //                                                               ---
                                                                                      fix_explicitly_indicated_bonds()                                                         //                                                              ---
                                                                                      GetAtomChargeType()                                                                      //                                                               ---
                                                                                      mark_alt_bonds_and_taut_groups()                                                 //                                                               ---
                                                                                      bSetBnsToCheckAltPath()                                                                 //                                                               ---
                                                                                      bRestoreBnsAfterCheckAltPath()                                                      //                                                               ---
                                                                                      AllocateAndInitBnStruct()                                                                 //                                                                ---
                                                                                      AddTGroups2BnStruct()                                                                    //                                                                ---
                                                                                      AddCGroups2BnStruct()                                                                    //                                                                ---
                                                                                      BalancedNetworkSearch()                                                                 //                                                                ---
                                                                                      PullFlow()                                                                                           //                                                                 ---
                                                                                      MarkRingSystemsAltBns()                                                                 //                                                                ---
                                                                                      SortedEquInfoToRanks()                                                               ichimap2.c                                                      ---
                                                                                      SetNewRanksFromNeighLists3()                                                       //                                                               ---
                                                                                      SetNewRanksFromNeighLists4()                                                       //                                                               ---
                                                                                      SetNewRanksFromNeighLists()                                                         //                                                               ---



                        NoLabels, AuxNone                             ReadMolfile()                                                                                mol_fmt1.c                                              mol_fmt.h
                                                                                      MolfileReadDataLines()                                                                      //                                                             //
                                                                                      MolfileReadHeaderLines()                                                                  //                                                             //
                                                                                      MolfileReadCountsLine()                                                                    //                                                             //
                                                                                      MolfileReadAtomsBlock()                                                                   //                                                             //
                                                                                      MolfileReadBondsBlock()                                                                    //                                                             //
                                                                                      MolfileReadSTextBlock()                                                                     //                                                             //
                                                                                      MolfileReadPropBlock()                                                                      //                                                             //
                                                                                      MolfileTreatPseudoElementAtoms()                                                 //                                                             //


                                                                                      
                        RECORD : n, START : n, END : n           CreateOrigInpDataFromMolfile()                                                  mol2atom.c                                                ---
                                                                                      ReadMolfileToInpAtoms()                                                                   //                                                             //
                                                                                      MakeInpAtomsFromMolfileData()                                                      //                                                             //
                                                                                      calculate_valences()                                                                             //                                                             //
                                                                                      SetInpAtomsXYZ()                                                                                //                                                             //
                                                                                      CreateInpAtom()                                                                                   //                                                             //
                                                                                      FreeInpAtom()                                                                                      //                                                             //
                                                                                      FreeInpAtomData()                                                                               //                                                             //
                                                                                      CreateInpAtomData()                                                                           //                                                             //
                                                                                      FreeCompAtomData()                                                                          //                                                             //
                                                                                      FreeOrigAtData()                                                                                  //                                                              //
                                                                                      FreeExtOrigAtData()                                                                             //                                                              //
                                                                                      SetExtOrigAtDataByMolfileExtInput()                                                 //                                                              //


                        
                        No Parameter (only mol/sdf input)    CreateOrigInpDataFromMolfile()                                                  mol2atom.c                                                ---
                        (Standard)                                             ReadMolfileToInpAtoms()                                                                   //                                                             //
                                                                                      MakeInpAtomsFromMolfileData()                                                      //                                                             //
                                                                                      calculate_valences()                                                                             //                                                             //
                                                                                      SetInpAtomsXYZ()                                                                                //                                                             //
                                                                                      CreateInpAtom()                                                                                   //                                                             //
                                                                                      FreeInpAtom()                                                                                      //                                                             //
                                                                                      FreeInpAtomData()                                                                               //                                                             //
                                                                                      CreateInpAtomData()                                                                           //                                                             //
                                                                                      FreeCompAtomData()                                                                          //                                                             //
                                                                                      FreeOrigAtData()                                                                                  //                                                              //
                                                                                      FreeExtOrigAtData()                                                                             //                                                              //
                                                                                      SetExtOrigAtDataByMolfileExtInput()                                                 //                                                              //
                                                                                      ReadMolfile()                                                                                mol_fmt1.c                                              mol_fmt.h
                                                                                      MolfileReadDataLines()                                                                      //                                                             //
                                                                                      MolfileReadHeaderLines()                                                                  //                                                             //
                                                                                      MolfileReadCountsLine()                                                                    //                                                             //
                                                                                      MolfileReadAtomsBlock()                                                                   //                                                             //
                                                                                      MolfileReadBondsBlock()                                                                    //                                                             //
                                                                                      MolfileReadSTextBlock()                                                                     //                                                             //
                                                                                      MolfileReadPropBlock()                                                                      //                                                             //
                                                                                      MolfileTreatPseudoElementAtoms()                                                 //                                                             //
                                                                                      MolfileStrnread()                                                                          mol_fmt2.c                                                   ---
                                                                                      MolfileReadField()                                                                               //                                                            ---
                                                                                      MolfileExtractStrucNum()                                                                   //                                                            ---
                                                                                      MolfileHasNoChemStruc()                                                                 //                                                            ---
                                                                                      MolfileGetXYZDimAndNormFactors()                                               //                                                            ---
                                                                                      FreeMolfileData()                                                                                //                                                            ---
                                                                                      inp2spATOM()                                                                               ichimake.c                                                   ---
                                                                                      CompINChITautVsNonTaut()                                                              //                                                           ---
                                                                                      GetSp3RelRacAbs()                                                                              //                                                           ---
                                                                                      CompINChILayers()                                                                             //                                                            ---
                                                                                      INChI_SegmentAction()                                                                      //                                                            ---
                                                                                      MarkUnusedAndEmptyLayers()                                                         //                                                            ---
                                                                                      CompareDfsDescendants4CT()                                                          //                                                            ---
                                                                                      GetDfsOrder4CT()                                                                               //                                                            ---
                                                                                      GetInpStructErrorType()                                                                     //                                                             ---
                                                                                      Create_INChI()                                                                                     //                                                            ---
                                                                                      CheckCanonNumberingCorrectness()                                               //                                                             ---
                                                                                      MakeHillFormulaString()                                                               ichimak2.c                                                   ---
                                                                                      GetHillFormulaIndexLength()                                                            //                                                             ---
                                                                                      GetHillFormulaCounts()                                                                     //                                                             ---
                                                                                      AddElementAndCount()                                                                    //                                                              ---
                                                                                      MakeHillFormula()                                                                             //                                                              ---
                                                                                      AllocateAndFillHillFormula()                                                             //                                                              ---
                                                                                      MarkAmbiguousStereo()                                                                   //                                                              ---
                                                                                      UnmarkAllUndefinedUnknownStereo()                                            //                                                              ---
                                                                                      FillOutINChI()                                                                                     //                                                               ---
                                                                                      ProcessOneStructure()                                                                  runichi.c                                                        ---
                                                                                      DoOneStructureEarlyPreprocessing()                                               //                                                              ---
                                                                                      OrigAtData_StoreNativeInput()                                                        //                                                               ---
                                                                                      PrepareSaveOptBits()                                                                        //                                                               ---
                                                                                      DisplayOrigAndResultStructuresAndComponents()                       //                                                               ---
                                                                                      SaveOkProcessedMolfile()                                                                //                                                               ---
                                                                                      CreateOneStructureINChI()                                                               //                                                               ---
                                                                                      CreateOneComponentINChI()                                                          //                                                                ---
                                                                                      ProcessOneStructureEx()                                                                   //                                                                ---
                                                                                      PreprocessPolymerCRUData()                                                          //                                                                ---
                                                                                      ProcessOneStructureExCore()                                                           //                                                                ---
                                                                                      ValidateAndPreparePolymerAndPseudoatoms()                            //                                                                ---
                                                                                      GetOneStructure()                                                                          runichi2.c                                                      ---
                                                                                      GetOneComponent()                                                                         //                                                                ---
                                                                                      ReadTheStructure()                                                                            //                                                                ---
                                                                                      TreatErrorsInReadTheStructure()                                                      //                                                                 ---
                                                                                      OrigAtData_bCheckUnusualValences()                                         runichi3.c                                                      ---
                                                                                      OrigAtData_Duplicate()                                                                     //                                                                ---
                                                                                      PreprocessOneStructure()                                                                 //                                                                 ---
                                                                                      OAD_ValidatePolymerAndPseudoElementData()                           //                                                                 ---
                                                                                      SortAndPrintINChI()                                                                       runichi4.c                                                       ---
                                                                                      SaveEquComponentsInfoAndSortOrder()                                        //                                                                 ---
                                                                                      FreeAllINChIArrays()                                                                          //                                                                 ---
                                                                                      TreatCreateINChIWarning()                                                               //                                                                ---
                                                                                      GetProcessingWarningsOneComponentInChI()                              //                                                                 ---
                                                                                      AddAtom2num()                                                                             ichitaut.c                                                       ---
                                                                                      AddAtom2DA()                                                                                  //                                                                ---
                                                                                      nGetEndpointInfo()                                                                            //                                                                ---
                                                                                      RegisterEndPoints()                                                                           //                                                                ---
                                                                                      SetTautomericBonds()                                                                       //                                                                ---
                                                                                      GetNeutralRepsIfNeeded()                                                                //                                                                ---
                                                                                      FindAccessibleEndPoints()                                                                //                                                                ---
                                                                                      GetChargeType()                                                                               //                                                                 ---
                                                                                      MarkChargeGroups()                                                                        //                                                                ---
                                                                                      GetSaltChargeType()                                                                         //                                                                ---
                                                                                      MarkSaltChargeGroups()                                                                  //                                                                ---
                                                                                      MergeSaltTautGroups()                                                                    //                                                                ---
                                                                                      MarkTautomerGroups()                                                                    //                                                                ---
                                                                                      CountTautomerGroups()                                                                   //                                                                ---
                                                                                      SortTautomerGroupsAndEndpoints()                                              //                                                                ---
                                                                                      GetMinRingSize()                                                                           ichiring.c                                                       ---
                                                                                      is_bond_in_Nmax_memb_ring()                                                       //                                                               ---
                                                                                      MarkRingSystemsInp()                                                                  ichinorm.c                                                     ---
                                                                                      GetCanonLengths()                                                                       ichicano.c                                                      ---
                                                                                      AllocateCS()                                                                                       //                                                                ---
                                                                                      FillTautLinearCT2()                                                                            //                                                               ---
                                                                                      UpdateFullLinearCT()                                                                        //                                                               ---
                                                                                      Canon_INChI()                                                                                   //                                                               ---
                                                                                      CtPartCompare()                                                                           ichican2.c                                                      ---
                                                                                      CtFullCompare()                                                                                //                                                               ---
                                                                                      CanonGraph()                                                                                    //                                                               ---
                                                                                      FillOutAtomInvariant2()                                                                    //                                                               ---
                                                                                      GetBaseCanonRanking()                                                                   //                                                               ---
                                                                                      SetAtomBondType()                                                                     ichi_bns.c                                                       ---
                                                                                      RunBalancedNetworkSearch()                                                          //                                                               ---
                                                                                      SetBondsFromBnStructFlow()                                                           //                                                               ---
                                                                                      RestoreBnStructFlow()                                                                       //                                                               ---
                                                                                      BnsTestAndMarkAltBonds()                                                              //                                                               ---
                                                                                      fix_special_bonds()                                                                             //                                                               ---
                                                                                      fix_explicitly_indicated_bonds()                                                         //                                                              ---
                                                                                      GetAtomChargeType()                                                                      //                                                               ---
                                                                                      mark_alt_bonds_and_taut_groups()                                                 //                                                               ---
                                                                                      bSetBnsToCheckAltPath()                                                                 //                                                               ---
                                                                                      bRestoreBnsAfterCheckAltPath()                                                      //                                                               ---
                                                                                      AllocateAndInitBnStruct()                                                                 //                                                                ---
                                                                                      AddTGroups2BnStruct()                                                                    //                                                                ---
                                                                                      AddCGroups2BnStruct()                                                                    //                                                                ---
                                                                                      BalancedNetworkSearch()                                                                 //                                                                ---
                                                                                      PullFlow()                                                                                           //                                                                 ---
                                                                                      MarkRingSystemsAltBns()                                                                 //                                                                ---
                                                                                      SortedEquInfoToRanks()                                                               ichimap2.c                                                      ---
                                                                                      SetNewRanksFromNeighLists3()                                                       //                                                               ---
                                                                                      SetNewRanksFromNeighLists4()                                                       //                                                               ---
                                                                                      SetNewRanksFromNeighLists()                                                         //                                                               ---

                                                                                      
                                                                                      
                                                                                      


                                                                                      




